f:\tests\assembly\assembly\x64\debug\asm.obj
f:\tests\assembly\assembly\x64\debug\source.obj
f:\tests\assembly\assembly\x64\debug\vc110.pdb
f:\tests\assembly\x64\debug\assembly.ilk
f:\tests\assembly\x64\debug\assembly.exe
f:\tests\assembly\x64\debug\assembly.pdb
c:\users\tom\documents\github\assembly\assembly\assembly\x64\debug\asm.obj
c:\users\tom\documents\github\assembly\assembly\assembly\x64\debug\vc120.pdb
c:\users\tom\documents\github\assembly\assembly\assembly\x64\debug\vc120.idb
c:\users\tom\documents\github\assembly\assembly\assembly\x64\debug\source.obj
c:\users\tom\documents\github\assembly\assembly\x64\debug\assembly.ilk
c:\users\tom\documents\github\assembly\assembly\x64\debug\assembly.exe
c:\users\tom\documents\github\assembly\assembly\x64\debug\assembly.pdb
c:\users\tom\documents\github\assembly\assembly\assembly\x64\debug\assembly.write.1.tlog
c:\users\tom\documents\github\assembly\assembly\assembly\x64\debug\cl.command.1.tlog
c:\users\tom\documents\github\assembly\assembly\assembly\x64\debug\cl.read.1.tlog
c:\users\tom\documents\github\assembly\assembly\assembly\x64\debug\cl.write.1.tlog
c:\users\tom\documents\github\assembly\assembly\assembly\x64\debug\link-cvtres.read.1.tlog
c:\users\tom\documents\github\assembly\assembly\assembly\x64\debug\link-cvtres.write.1.tlog
c:\users\tom\documents\github\assembly\assembly\assembly\x64\debug\link-rc.read.1.tlog
c:\users\tom\documents\github\assembly\assembly\assembly\x64\debug\link-rc.write.1.tlog
c:\users\tom\documents\github\assembly\assembly\assembly\x64\debug\link.command.1.tlog
c:\users\tom\documents\github\assembly\assembly\assembly\x64\debug\link.read.1.tlog
c:\users\tom\documents\github\assembly\assembly\assembly\x64\debug\link.write.1.tlog
c:\users\tom\documents\github\assembly\assembly\assembly\x64\debug\vc110.idb
c:\users\tom\documents\github\assembly\assembly\assembly\x64\debug\vc110.pdb
c:\users\tom\documents\github\assembly\assembly\assembly\x64\debug\assembly.tlog\assembly.write.1u.tlog
c:\users\tom\documents\github\assembly\assembly\assembly\x64\debug\assembly.tlog\cl.command.1.tlog
c:\users\tom\documents\github\assembly\assembly\assembly\x64\debug\assembly.tlog\cl.read.1.tlog
c:\users\tom\documents\github\assembly\assembly\assembly\x64\debug\assembly.tlog\cl.write.1.tlog
c:\users\tom\documents\github\assembly\assembly\assembly\x64\debug\assembly.tlog\link.command.1.tlog
c:\users\tom\documents\github\assembly\assembly\assembly\x64\debug\assembly.tlog\link.read.1.tlog
c:\users\tom\documents\github\assembly\assembly\assembly\x64\debug\assembly.tlog\link.write.1.tlog
